[2025-11-16 18:57:02.31] Auto Git Push Started 
[2025-11-16 18:57:02.60] Changes pushed to GitHub 
[2025-11-16 18:57:04.72] Auto Git Push Completed 
 
[2025-11-16 19:27:02.12] Auto Git Push Started 
[2025-11-16 19:27:02.57] Changes pushed to GitHub 
[2025-11-16 19:27:04.81] Auto Git Push Completed 
 
[2025-11-16 19:57:02.09] Auto Git Push Started 
[2025-11-16 20:27:02.11] Auto Git Push Started 
[2025-11-16 20:27:02.56] Changes pushed to GitHub 
[2025-11-16 20:27:04.73] Auto Git Push Completed 
 
[2025-11-16 20:57:01.63] Auto Git Push Started 
[2025-11-16 20:57:02.06] Changes pushed to GitHub 
[2025-11-16 20:57:04.45] Auto Git Push Completed 
 
[2025-11-16 21:27:01.69] Auto Git Push Started 
[2025-11-16 21:27:02.08] Changes pushed to GitHub 
[2025-11-16 21:27:04.21] Auto Git Push Completed 
 
[2025-11-16 21:57:01.68] Auto Git Push Started 
[2025-11-16 21:57:01.95] Changes pushed to GitHub 
[2025-11-16 21:57:04.05] Auto Git Push Completed 
 
[2025-11-16 22:27:01.67] Auto Git Push Started 
[2025-11-16 22:27:01.95] Changes pushed to GitHub 
[2025-11-16 22:27:04.11] Auto Git Push Completed 
 
[2025-11-16 22:57:01.70] Auto Git Push Started 
[2025-11-16 22:57:02.20] Changes pushed to GitHub 
[2025-11-16 22:57:04.47] Auto Git Push Completed 
 
[2025-11-16 23:27:01.76] Auto Git Push Started 
[2025-11-16 23:27:02.13] Changes pushed to GitHub 
[2025-11-16 23:27:04.28] Auto Git Push Completed 
 
[2025-11-16 23:57:01.69] Auto Git Push Started 
[2025-11-16 23:57:02.07] Changes pushed to GitHub 
[2025-11-16 23:57:04.27] Auto Git Push Completed 
 
[2025-11-17  0:27:01.68] Auto Git Push Started 
[2025-11-17  0:27:02.09] Changes pushed to GitHub 
[2025-11-17  0:27:04.30] Auto Git Push Completed 
 
[2025-11-17  0:57:01.74] Auto Git Push Started 
[2025-11-17  0:57:02.01] Changes pushed to GitHub 
[2025-11-17  0:57:04.42] Auto Git Push Completed 
 
[2025-11-17  1:27:01.75] Auto Git Push Started 
[2025-11-17  1:27:02.00] Changes pushed to GitHub 
[2025-11-17  1:27:04.38] Auto Git Push Completed 
 
[2025-11-17  1:57:01.71] Auto Git Push Started 
[2025-11-17  1:57:01.95] Changes pushed to GitHub 
[2025-11-17  1:57:04.01] Auto Git Push Completed 
 
[2025-11-17  2:27:01.72] Auto Git Push Started 
[2025-11-17  2:27:02.09] Changes pushed to GitHub 
[2025-11-17  2:27:04.56] Auto Git Push Completed 
 
[2025-11-17  2:57:01.69] Auto Git Push Started 
[2025-11-17  2:57:02.05] Changes pushed to GitHub 
[2025-11-17  2:57:04.22] Auto Git Push Completed 
 
[2025-11-17 20:57:02.30] Auto Git Push Started 
[2025-11-17 20:57:02.81] Changes pushed to GitHub 
[2025-11-17 20:57:05.37] Auto Git Push Completed 
 
[2025-11-17 21:27:02.08] Auto Git Push Started 
[2025-11-17 21:27:02.28] Changes pushed to GitHub 
[2025-11-17 21:27:04.53] Auto Git Push Completed 
 
[2025-11-17 21:57:02.03] Auto Git Push Started 
[2025-11-17 21:57:02.24] Changes pushed to GitHub 
[2025-11-17 21:57:04.22] Auto Git Push Completed 
 
[2025-11-17 22:27:02.04] Auto Git Push Started 
[2025-11-17 22:27:02.24] Changes pushed to GitHub 
[2025-11-17 22:27:04.29] Auto Git Push Completed 
 
[2025-11-17 22:57:02.09] Auto Git Push Started 
[2025-11-17 22:57:02.27] Changes pushed to GitHub 
[2025-11-17 22:57:04.27] Auto Git Push Completed 
 
[2025-11-17 23:27:03.02] Auto Git Push Started 
[2025-11-17 23:27:03.23] Changes pushed to GitHub 
[2025-11-17 23:27:05.22] Auto Git Push Completed 
 
[2025-11-17 23:57:02.09] Auto Git Push Started 
[2025-11-17 23:57:02.30] Changes pushed to GitHub 
[2025-11-17 23:57:04.30] Auto Git Push Completed 
 
[2025-11-18  0:27:02.15] Auto Git Push Started 
[2025-11-18  0:27:02.37] Changes pushed to GitHub 
[2025-11-18  0:27:04.44] Auto Git Push Completed 
 
[2025-11-18  0:57:02.15] Auto Git Push Started 
[2025-11-18  0:57:02.35] Changes pushed to GitHub 
[2025-11-18  0:57:04.39] Auto Git Push Completed 
 
[2025-11-18  1:27:02.13] Auto Git Push Started 
[2025-11-18  1:27:02.34] Changes pushed to GitHub 
[2025-11-18  1:27:04.39] Auto Git Push Completed 
 
[2025-11-18  1:57:02.20] Auto Git Push Started 
[2025-11-18  1:57:02.45] Changes pushed to GitHub 
[2025-11-18  1:57:04.55] Auto Git Push Completed 
 
[2025-11-18  2:27:02.24] Auto Git Push Started 
[2025-11-18  2:27:02.48] Changes pushed to GitHub 
[2025-11-18  2:27:04.51] Auto Git Push Completed 
 
[2025-11-18 22:27:02.37] Auto Git Push Started 
[2025-11-18 22:27:02.88] Changes pushed to GitHub 
[2025-11-18 22:27:05.69] Auto Git Push Completed 
 
[2025-11-18 22:57:01.98] Auto Git Push Started 
[2025-11-18 22:57:02.21] Changes pushed to GitHub 
[2025-11-18 22:57:04.23] Auto Git Push Completed 
 
[2025-11-18 23:27:01.98] Auto Git Push Started 
[2025-11-18 23:27:02.22] Changes pushed to GitHub 
[2025-11-18 23:27:04.23] Auto Git Push Completed 
 
[2025-11-18 23:57:02.00] Auto Git Push Started 
[2025-11-18 23:57:02.33] Changes pushed to GitHub 
[2025-11-18 23:57:04.58] Auto Git Push Completed 
 
[2025-11-19  0:27:02.02] Auto Git Push Started 
[2025-11-19  0:27:02.24] Changes pushed to GitHub 
[2025-11-19  0:27:04.27] Auto Git Push Completed 
 
[2025-11-19  0:57:02.04] Auto Git Push Started 
[2025-11-19  0:57:02.27] Changes pushed to GitHub 
[2025-11-19  0:57:04.37] Auto Git Push Completed 
 
[2025-11-19  1:27:02.03] Auto Git Push Started 
[2025-11-19  1:27:02.31] Changes pushed to GitHub 
[2025-11-19  1:27:04.46] Auto Git Push Completed 
 
[2025-11-19  1:57:02.02] Auto Git Push Started 
[2025-11-19  1:57:02.24] Changes pushed to GitHub 
[2025-11-19  1:57:04.29] Auto Git Push Completed 
 
[2025-11-19  2:27:02.02] Auto Git Push Started 
[2025-11-19  2:27:02.33] Changes pushed to GitHub 
[2025-11-19  2:27:04.54] Auto Git Push Completed 
 
[2025-11-19  2:57:02.03] Auto Git Push Started 
[2025-11-19  2:57:02.48] Changes pushed to GitHub 
[2025-11-19  2:57:04.84] Auto Git Push Completed 
 
[2025-11-19  9:27:02.38] Auto Git Push Started 
[2025-11-19  9:27:02.99] Changes pushed to GitHub 
[2025-11-19  9:27:05.62] Auto Git Push Completed 
 
[2025-11-19 22:57:02.39] Auto Git Push Started 
[2025-11-19 23:27:02.21] Auto Git Push Started 
[2025-11-19 23:57:02.16] Auto Git Push Started 
[2025-11-19 23:57:02.39] Changes pushed to GitHub 
[2025-11-19 23:57:04.90] Auto Git Push Completed 
 
[2025-11-20  0:27:02.12] Auto Git Push Started 
[2025-11-20  0:27:02.35] Changes pushed to GitHub 
[2025-11-20  0:27:04.56] Auto Git Push Completed 
 
[2025-11-20  0:57:02.97] Auto Git Push Started 
[2025-11-20  0:57:03.19] Changes pushed to GitHub 
[2025-11-20  0:57:05.38] Auto Git Push Completed 
 
[2025-11-20  1:27:02.15] Auto Git Push Started 
[2025-11-20  1:27:02.37] Changes pushed to GitHub 
[2025-11-20  1:27:04.52] Auto Git Push Completed 
 
[2025-11-20  1:57:02.16] Auto Git Push Started 
[2025-11-20  1:57:02.40] Changes pushed to GitHub 
[2025-11-20  1:57:04.60] Auto Git Push Completed 
 
[2025-11-20  2:27:02.22] Auto Git Push Started 
[2025-11-20  2:27:02.49] Changes pushed to GitHub 
[2025-11-20  2:27:04.70] Auto Git Push Completed 
 
[2025-11-20  2:57:02.17] Auto Git Push Started 
[2025-11-20  2:57:02.44] Changes pushed to GitHub 
[2025-11-20  2:57:04.57] Auto Git Push Completed 
 
[2025-11-20  9:27:03.85] Auto Git Push Started 
[2025-11-20  9:27:04.38] Changes pushed to GitHub 
[2025-11-20  9:27:07.39] Auto Git Push Completed 
 
[2025-11-20 22:27:02.36] Auto Git Push Started 
[2025-11-20 22:27:02.82] Changes pushed to GitHub 
[2025-11-20 22:27:05.40] Auto Git Push Completed 
 
[2025-11-20 22:57:02.11] Auto Git Push Started 
[2025-11-20 22:57:02.30] Changes pushed to GitHub 
[2025-11-20 22:57:04.55] Auto Git Push Completed 
 
[2025-11-20 23:27:02.11] Auto Git Push Started 
[2025-11-20 23:27:02.34] Changes pushed to GitHub 
[2025-11-20 23:27:04.64] Auto Git Push Completed 
 
[2025-11-20 23:57:02.10] Auto Git Push Started 
[2025-11-20 23:57:02.40] Changes pushed to GitHub 
[2025-11-20 23:57:04.52] Auto Git Push Completed 
 
[2025-11-21  0:27:02.11] Auto Git Push Started 
[2025-11-21  0:27:02.46] Changes pushed to GitHub 
[2025-11-21  0:27:04.64] Auto Git Push Completed 
 
[2025-11-21  0:57:02.11] Auto Git Push Started 
[2025-11-21  0:57:02.41] Changes pushed to GitHub 
[2025-11-21  0:57:04.45] Auto Git Push Completed 
 
[2025-11-21  1:27:02.17] Auto Git Push Started 
[2025-11-21  1:27:02.45] Changes pushed to GitHub 
[2025-11-21  1:27:04.54] Auto Git Push Completed 
 
[2025-11-21  1:57:02.19] Auto Git Push Started 
[2025-11-21  1:57:02.58] Changes pushed to GitHub 
[2025-11-21  1:57:04.80] Auto Git Push Completed 
 
[2025-11-21  2:27:02.16] Auto Git Push Started 
[2025-11-21 23:27:02.48] Auto Git Push Started 
[2025-11-21 23:27:02.93] Changes pushed to GitHub 
[2025-11-21 23:27:05.95] Auto Git Push Completed 
 
[2025-11-21 23:57:02.14] Auto Git Push Started 
[2025-11-21 23:57:02.58] Changes pushed to GitHub 
[2025-11-21 23:57:04.77] Auto Git Push Completed 
 
[2025-11-22  0:27:02.11] Auto Git Push Started 
[2025-11-22  0:27:02.49] Changes pushed to GitHub 
[2025-11-22  0:27:04.66] Auto Git Push Completed 
 
[2025-11-22  0:57:02.11] Auto Git Push Started 
[2025-11-22  0:57:02.67] Changes pushed to GitHub 
[2025-11-22  0:57:04.94] Auto Git Push Completed 
 
[2025-11-22  1:27:02.21] Auto Git Push Started 
[2025-11-22  1:27:02.60] Changes pushed to GitHub 
[2025-11-22  1:27:04.83] Auto Git Push Completed 
 
[2025-11-22  1:57:02.15] Auto Git Push Started 
[2025-11-22  1:57:02.46] Changes pushed to GitHub 
[2025-11-22  1:57:04.61] Auto Git Push Completed 
 
[2025-11-22  2:27:02.17] Auto Git Push Started 
[2025-11-22  2:27:02.49] Changes pushed to GitHub 
[2025-11-22  2:27:04.98] Auto Git Push Completed 
 
[2025-11-22  2:57:02.23] Auto Git Push Started 
[2025-11-22  2:57:02.50] Changes pushed to GitHub 
[2025-11-22  2:57:04.78] Auto Git Push Completed 
 
[2025-11-22  3:27:02.20] Auto Git Push Started 
[2025-11-22  3:27:02.42] Changes pushed to GitHub 
[2025-11-22  3:27:04.91] Auto Git Push Completed 
 
[2025-11-22  3:57:02.19] Auto Git Push Started 
[2025-11-22  3:57:02.43] Changes pushed to GitHub 
[2025-11-22  3:57:04.52] Auto Git Push Completed 
 
[2025-11-22  9:57:02.08] Auto Git Push Started 
[2025-11-22  9:57:02.50] Changes pushed to GitHub 
[2025-11-22  9:57:04.84] Auto Git Push Completed 
 
[2025-11-22 10:27:02.07] Auto Git Push Started 
[2025-11-22 10:27:02.28] Changes pushed to GitHub 
[2025-11-22 10:27:04.17] Auto Git Push Completed 
 
[2025-11-22 10:57:02.08] Auto Git Push Started 
